<?xml version="1.0" encoding="UTF-8"?>
<testsuite name="org.hyperskill.secretdiary.Stage4UnitTest" tests="9" skipped="0" failures="0" errors="0" timestamp="2024-05-27T08:38:35" hostname="DESKTOP-S3OS6DJ" time="22.977">
  <properties/>
  <testcase name="test00_checkEditText" classname="org.hyperskill.secretdiary.Stage4UnitTest" time="14.37"/>
  <testcase name="test01_checkButtonSave" classname="org.hyperskill.secretdiary.Stage4UnitTest" time="0.335"/>
  <testcase name="test02_checkTextView" classname="org.hyperskill.secretdiary.Stage4UnitTest" time="0.35"/>
  <testcase name="test03_checkButtonUndo" classname="org.hyperskill.secretdiary.Stage4UnitTest" time="0.298"/>
  <testcase name="test04_checkSavingAndUndo" classname="org.hyperskill.secretdiary.Stage4UnitTest" time="3.587"/>
  <testcase name="test05_checkSavingBlank" classname="org.hyperskill.secretdiary.Stage4UnitTest" time="0.27"/>
  <testcase name="test06_checkUndoBlank" classname="org.hyperskill.secretdiary.Stage4UnitTest" time="0.73"/>
  <testcase name="test07_checkSavePersists" classname="org.hyperskill.secretdiary.Stage4UnitTest" time="2.712"/>
  <testcase name="test08_checkRestoreAndButtons" classname="org.hyperskill.secretdiary.Stage4UnitTest" time="0.324"/>
  <system-out><![CDATA[Called loadFromPath(/system/framework/framework-res.apk, true); mode=binary sdk=29
resources.arsc in APK 'C:\Users\user\.m2\repository\org\robolectric\android-all-instrumented\10-robolectric-5803371-i3\android-all-instrumented-10-robolectric-5803371-i3.jar' is compressed.
]]></system-out>
  <system-err><![CDATA[]]></system-err>
</testsuite>
